[debug] [2024-07-30T06:18:40.147Z] ----------------------------------------------------------------------
[debug] [2024-07-30T06:18:40.148Z] Command:       /opt/homebrew/Cellar/node/22.3.0/bin/node /opt/homebrew/bin/firebase login
[debug] [2024-07-30T06:18:40.149Z] CLI Version:   13.14.2
[debug] [2024-07-30T06:18:40.149Z] Platform:      darwin
[debug] [2024-07-30T06:18:40.149Z] Node Version:  v22.3.0
[debug] [2024-07-30T06:18:40.149Z] Time:          Tue Jul 30 2024 11:48:40 GMT+0530 (India Standard Time)
[debug] [2024-07-30T06:18:40.149Z] ----------------------------------------------------------------------
[debug] 
[debug] [2024-07-30T06:18:40.150Z] >>> [apiv2][query] GET https://firebase-public.firebaseio.com/cli.json [none]
[info] i  Firebase optionally collects CLI and Emulator Suite usage and error reporting information to help improve our products. Data is collected in accordance with Google's privacy policy (https://policies.google.com/privacy) and is not used to identify you.
 
[debug] [2024-07-30T06:18:42.908Z] Error: EACCES: permission denied, mkdir '/Users/sonalgehlot/.config/configstore'
You don't have access to this file.

    at Object.mkdirSync (node:fs:1374:26)
    at module.exports.sync (/opt/homebrew/lib/node_modules/firebase-tools/node_modules/make-dir/index.js:114:6)
    at set all (/opt/homebrew/lib/node_modules/firebase-tools/node_modules/configstore/index.js:59:12)
    at Configstore.set (/opt/homebrew/lib/node_modules/firebase-tools/node_modules/configstore/index.js:91:12)
    at Command.actionFn (/opt/homebrew/lib/node_modules/firebase-tools/lib/commands/login.js:36:35)
    at process.processTicksAndRejections (node:internal/process/task_queues:95:5)
[error] 
[error] Error: An unexpected error has occurred.
[debug] [2024-07-30T06:18:43.179Z] Error: EACCES: permission denied, mkdir '/Users/sonalgehlot/.config/configstore'
You don't have access to this file.

    at Object.mkdirSync (node:fs:1374:26)
    at module.exports.sync (/opt/homebrew/lib/node_modules/firebase-tools/node_modules/make-dir/index.js:114:6)
    at set all (/opt/homebrew/lib/node_modules/firebase-tools/node_modules/configstore/index.js:59:12)
    at Configstore.set (/opt/homebrew/lib/node_modules/firebase-tools/node_modules/configstore/index.js:91:12)
    at process.<anonymous> (/opt/homebrew/lib/node_modules/firebase-tools/lib/bin/firebase.js:102:35)
    at process.emit (node:events:532:35)
    at process.emit (node:domain:488:12)
    at process.exit (node:internal/process/per_thread:182:15)
    at Timeout._onTimeout (/opt/homebrew/lib/node_modules/firebase-tools/lib/errorOut.js:20:17)
    at listOnTimeout (node:internal/timers:573:17)
[error] 
[error] Error: An unexpected error has occurred.
[debug] [2024-07-30T06:19:04.034Z] ----------------------------------------------------------------------
[debug] [2024-07-30T06:19:04.035Z] Command:       /opt/homebrew/Cellar/node/22.3.0/bin/node /opt/homebrew/bin/firebase login
[debug] [2024-07-30T06:19:04.036Z] CLI Version:   13.14.2
[debug] [2024-07-30T06:19:04.036Z] Platform:      darwin
[debug] [2024-07-30T06:19:04.036Z] Node Version:  v22.3.0
[debug] [2024-07-30T06:19:04.036Z] Time:          Tue Jul 30 2024 11:49:04 GMT+0530 (India Standard Time)
[debug] [2024-07-30T06:19:04.036Z] ----------------------------------------------------------------------
[debug] 
[debug] [2024-07-30T06:19:04.037Z] >>> [apiv2][query] GET https://firebase-public.firebaseio.com/cli.json [none]
[info] i  Firebase optionally collects CLI and Emulator Suite usage and error reporting information to help improve our products. Data is collected in accordance with Google's privacy policy (https://policies.google.com/privacy) and is not used to identify you.
 
[debug] [2024-07-30T06:19:04.714Z] <<< [apiv2][status] GET https://firebase-public.firebaseio.com/cli.json 200
[debug] [2024-07-30T06:19:04.715Z] <<< [apiv2][body] GET https://firebase-public.firebaseio.com/cli.json {"cloudBuildErrorAfter":1594252800000,"cloudBuildWarnAfter":1590019200000,"defaultNode10After":1594252800000,"minVersion":"3.0.5","node8DeploysDisabledAfter":1613390400000,"node8RuntimeDisabledAfter":1615809600000,"node8WarnAfter":1600128000000}
[info] i  To change your data collection preference at any time, run `firebase logout` and log in again. 
[info] 
[info] Visit this URL on this device to log in:
[info] https://accounts.google.com/o/oauth2/auth?client_id=563584335869-fgrhgmd47bqnekij5i8b5pr03ho849e6.apps.googleusercontent.com&scope=email%20openid%20https%3A%2F%2Fwww.googleapis.com%2Fauth%2Fcloudplatformprojects.readonly%20https%3A%2F%2Fwww.googleapis.com%2Fauth%2Ffirebase%20https%3A%2F%2Fwww.googleapis.com%2Fauth%2Fcloud-platform&response_type=code&state=239765205&redirect_uri=http%3A%2F%2Flocalhost%3A9005
[info] 
[info] Waiting for authentication...
[debug] [2024-07-30T06:21:43.894Z] >>> [apiv2][query] POST https://accounts.google.com/o/oauth2/token [none]
[debug] [2024-07-30T06:21:43.897Z] >>> [apiv2][body] POST https://accounts.google.com/o/oauth2/token [omitted]
[debug] [2024-07-30T06:21:44.163Z] <<< [apiv2][status] POST https://accounts.google.com/o/oauth2/token 200
[debug] [2024-07-30T06:21:44.163Z] <<< [apiv2][body] POST https://accounts.google.com/o/oauth2/token [omitted]
[info] 
[info] ✔  Success! Logged in as sonalgehlot10@gmail.com 
[debug] [2024-07-30T06:21:49.293Z] Error: Timed out.
    at Timeout._onTimeout (/opt/homebrew/lib/node_modules/firebase-tools/lib/utils.js:268:49)
    at listOnTimeout (node:internal/timers:573:17)
    at process.processTimers (node:internal/timers:514:7)
[error] 
[error] Error: An unexpected error has occurred.
[debug] [2024-07-30T06:22:23.134Z] ----------------------------------------------------------------------
[debug] [2024-07-30T06:22:23.138Z] Command:       /opt/homebrew/Cellar/node/22.3.0/bin/node /opt/homebrew/bin/firebase init
[debug] [2024-07-30T06:22:23.138Z] CLI Version:   13.14.2
[debug] [2024-07-30T06:22:23.138Z] Platform:      darwin
[debug] [2024-07-30T06:22:23.139Z] Node Version:  v22.3.0
[debug] [2024-07-30T06:22:23.139Z] Time:          Tue Jul 30 2024 11:52:23 GMT+0530 (India Standard Time)
[debug] [2024-07-30T06:22:23.139Z] ----------------------------------------------------------------------
[debug] 
[debug] [2024-07-30T06:22:23.143Z] > command requires scopes: ["email","openid","https://www.googleapis.com/auth/cloudplatformprojects.readonly","https://www.googleapis.com/auth/firebase","https://www.googleapis.com/auth/cloud-platform"]
[debug] [2024-07-30T06:22:23.143Z] > authorizing via signed-in user (sonalgehlot10@gmail.com)
[info] 
     ######## #### ########  ######## ########     ###     ######  ########
     ##        ##  ##     ## ##       ##     ##  ##   ##  ##       ##
     ######    ##  ########  ######   ########  #########  ######  ######
     ##        ##  ##    ##  ##       ##     ## ##     ##       ## ##
     ##       #### ##     ## ######## ########  ##     ##  ######  ########

You're about to initialize a Firebase project in this directory:

  /Users/sonalgehlot/Desktop/REACT PEDROTECH FOLDERS/social-media-app

[info] 
=== Project Setup
[info] 
[info] First, let's associate this project directory with a Firebase project.
[info] You can create multiple project aliases by running firebase use --add, 
[info] but for now we'll just set up a default project.
[info] 
[debug] [2024-07-30T06:25:13.534Z] >>> [apiv2][query] GET https://firebase.googleapis.com/v1beta1/projects pageSize=100
[debug] [2024-07-30T06:25:14.184Z] <<< [apiv2][status] GET https://firebase.googleapis.com/v1beta1/projects 200
[debug] [2024-07-30T06:25:14.185Z] <<< [apiv2][body] GET https://firebase.googleapis.com/v1beta1/projects [omitted]
[info] i  Using project social-media-app-e5f82 (Social-Media-App) 
[info] 
=== Hosting Setup
[debug] [2024-07-30T06:25:17.517Z] >>> [apiv2][query] GET https://firebase.googleapis.com/v1beta1/projects/social-media-app-e5f82 [none]
[debug] [2024-07-30T06:25:17.962Z] <<< [apiv2][status] GET https://firebase.googleapis.com/v1beta1/projects/social-media-app-e5f82 200
[debug] [2024-07-30T06:25:17.963Z] <<< [apiv2][body] GET https://firebase.googleapis.com/v1beta1/projects/social-media-app-e5f82 {"projectId":"social-media-app-e5f82","projectNumber":"415611081283","displayName":"Social-Media-App","name":"projects/social-media-app-e5f82","resources":{"hostingSite":"social-media-app-e5f82"},"state":"ACTIVE","etag":"1_da7c0ec5-f06e-4edd-bae9-afdd8ea525ac"}
[info] 
[info] Your public directory is the folder (relative to your project directory) that
[info] will contain Hosting assets to be uploaded with firebase deploy. If you
[info] have a build process for your assets, use your build's output directory.
[info] 
[info] ✔  Wrote public/404.html 
[debug] [2024-07-30T06:28:12.848Z] >>> [apiv2][query] GET https://www.gstatic.com/firebasejs/releases.json [none]
[debug] [2024-07-30T06:28:13.974Z] <<< [apiv2][status] GET https://www.gstatic.com/firebasejs/releases.json 200
[debug] [2024-07-30T06:28:13.974Z] <<< [apiv2][body] GET https://www.gstatic.com/firebasejs/releases.json {"current":{"version":"10.12.4","browserURL":"https://www.gstatic.com/firebasejs/10.12.4/firebase.js","packageURL":"https://www.gstatic.com/firebasejs/10.12.4/firebase.tgz"},"live":{"version":"10.12","browserURL":"https://www.gstatic.com/firebasejs/live/10.12/firebase.js","packageURL":"https://www.gstatic.com/firebasejs/live/10.12/firebase.tgz"},"components":{"analytics":"https://www.gstatic.com/firebasejs/10.12.4/firebase-analytics.js","app":"https://www.gstatic.com/firebasejs/10.12.4/firebase-app.js","app-check":"https://www.gstatic.com/firebasejs/10.12.4/firebase-app-check.js","auth":"https://www.gstatic.com/firebasejs/10.12.4/firebase-auth.js","auth/cordova":"https://www.gstatic.com/firebasejs/10.12.4/firebase-auth/cordova.js","auth/web-extension":"https://www.gstatic.com/firebasejs/10.12.4/firebase-auth/web-extension.js","functions":"https://www.gstatic.com/firebasejs/10.12.4/firebase-functions.js","firestore":"https://www.gstatic.com/firebasejs/10.12.4/firebase-firestore.js","firestore/lite":"https://www.gstatic.com/firebasejs/10.12.4/firebase-firestore/lite.js","installations":"https://www.gstatic.com/firebasejs/10.12.4/firebase-installations.js","storage":"https://www.gstatic.com/firebasejs/10.12.4/firebase-storage.js","performance":"https://www.gstatic.com/firebasejs/10.12.4/firebase-performance.js","remote-config":"https://www.gstatic.com/firebasejs/10.12.4/firebase-remote-config.js","messaging":"https://www.gstatic.com/firebasejs/10.12.4/firebase-messaging.js","messaging/sw":"https://www.gstatic.com/firebasejs/10.12.4/firebase-messaging/sw.js","database":"https://www.gstatic.com/firebasejs/10.12.4/firebase-database.js","vertexai-preview":"https://www.gstatic.com/firebasejs/10.12.4/firebase-vertexai-preview.js","firestore.memory":"https://www.gstatic.com/firebasejs/10.12.4/firebase-firestore.memory.js"}}
[info] i  Skipping write of public/index.html 
[info] 
[info] i  Detected a .git folder at /Users/sonalgehlot/Desktop/REACT PEDROTECH FOLDERS/social-media-app 
[info] i  Authorizing with GitHub to upload your service account to a GitHub repository's secrets store. 
[info] 
[info] Visit this URL on this device to log in:
[info] https://github.com/login/oauth/authorize?client_id=89cf50f02ac6aaed3484&state=155477740&redirect_uri=http%3A%2F%2Flocalhost%3A9005&scope=read%3Auser%20repo%20public_repo
[info] 
[info] Waiting for authentication...
[debug] [2024-07-30T06:29:00.679Z] >>> [apiv2][query] POST https://github.com/login/oauth/access_token [none]
[debug] [2024-07-30T06:29:00.679Z] >>> [apiv2][body] POST https://github.com/login/oauth/access_token [stream]
[debug] [2024-07-30T06:29:01.046Z] <<< [apiv2][status] POST https://github.com/login/oauth/access_token 200
[debug] [2024-07-30T06:29:01.047Z] <<< [apiv2][body] POST https://github.com/login/oauth/access_token {"access_token":"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","token_type":"bearer","scope":"read:user,repo"}
[debug] [2024-07-30T06:29:01.055Z] >>> [apiv2][query] GET https://api.github.com/user [none]
[debug] [2024-07-30T06:29:01.422Z] <<< [apiv2][status] GET https://api.github.com/user 200
[debug] [2024-07-30T06:29:01.423Z] <<< [apiv2][body] GET https://api.github.com/user {"login":"sonalgehlot10","id":62770146,"node_id":"MDQ6VXNlcjYyNzcwMTQ2","avatar_url":"https://avatars.githubusercontent.com/u/62770146?v=4","gravatar_id":"","url":"https://api.github.com/users/sonalgehlot10","html_url":"https://github.com/sonalgehlot10","followers_url":"https://api.github.com/users/sonalgehlot10/followers","following_url":"https://api.github.com/users/sonalgehlot10/following{/other_user}","gists_url":"https://api.github.com/users/sonalgehlot10/gists{/gist_id}","starred_url":"https://api.github.com/users/sonalgehlot10/starred{/owner}{/repo}","subscriptions_url":"https://api.github.com/users/sonalgehlot10/subscriptions","organizations_url":"https://api.github.com/users/sonalgehlot10/orgs","repos_url":"https://api.github.com/users/sonalgehlot10/repos","events_url":"https://api.github.com/users/sonalgehlot10/events{/privacy}","received_events_url":"https://api.github.com/users/sonalgehlot10/received_events","type":"User","site_admin":false,"name":"Sonal Gehlot","company":null,"blog":"https://sonalgehlot10.github.io/portfolio/","location":"Mumbai, India","email":"sonalgehlot10@gmail.com","hireable":null,"bio":null,"twitter_username":null,"public_repos":14,"public_gists":0,"followers":0,"following":0,"created_at":"2020-03-27T19:26:50Z","updated_at":"2024-07-30T06:28:55Z","private_gists":0,"total_private_repos":0,"owned_private_repos":0,"disk_usage":41982,"collaborators":0,"two_factor_authentication":false,"plan":{"name":"free","space":976562499,"collaborators":0,"private_repos":10000}}
[info] 
[info] ✔  Success! Logged into GitHub as sonalgehlot10 
[info] 
